File:/home/sinless/Summer2016/negui_base/Out2/BT_75_0.9_750.ldne.tsv

Max Regression Slope:		-0.226666666667
Min Regression Slope:		-1.67636363636
Mean Regression Slope:		-0.935236363636
Meadian Regression Slope:	-0.909090909091

Comparison to a slope of: 0  at alpha =  0.1
Positive Slopes:	0		Neutral Slopes:	11		Negative Slopes:	89
Non-Number Slopes:	0

Slope                         Intercept                     Confidence Interval(90.0%)                        Source File                                                                     
-0.997575757576               24.9290909091                 (-1.4453177902618697, -0.54983372488964521)       BT_50_0.9_750.r58.genepop                                                       
-0.806060606061               23.8472727273                 (-1.1821237458799925, -0.42999746624121976)       BT_50_0.9_750.r99.genepop                                                       
-1.29454545455                26.7054545455                 (-1.833292144858492, -0.75579876423241721)        BT_50_0.9_750.r83.genepop                                                       
-0.869090909091               25.2909090909                 (-1.2488226181770679, -0.48935920000475058)       BT_50_0.9_750.r12.genepop                                                       
-0.543636363636               23.0963636364                 (-1.0396720587190695, -0.047600668553657799)      BT_50_0.9_750.r1.genepop                                                        
-0.682424242424               24.1509090909                 (-1.0237421165253191, -0.34110636832316588)       BT_50_0.9_750.r41.genepop                                                       
-1.08060606061                26.2527272727                 (-1.548542698319151, -0.61266942289297055)        BT_50_0.9_750.r43.genepop                                                       
-0.97696969697                24.4363636364                 (-1.5063065337380324, -0.44763286020136162)       BT_50_0.9_750.r6.genepop                                                        
-0.613939393939               24.2727272727                 (-1.1969377413880207, -0.030941046490767121)      BT_50_0.9_750.r49.genepop                                                       
-1.00303030303                26.0236363636                 (-1.4645139543498906, -0.54154665171071525)       BT_50_0.9_750.r88.genepop                                                       
-0.614545454545               22.3854545455                 (-1.0940155721104405, -0.13507533698046814)       BT_50_0.9_750.r5.genepop                                                        
-1.06242424242                26.4309090909                 (-1.4405058890619804, -0.68434259578650514)       BT_50_0.9_750.r38.genepop                                                       
-0.844848484848               23.9018181818                 (-1.504819604193558, -0.18487736550341149)        BT_50_0.9_750.r20.genepop                                                       
-0.915757575758               26.7309090909                 (-1.2291301281881373, -0.60238502332701382)       BT_50_0.9_750.r100.genepop                                                      
-0.850303030303               25.0763636364                 (-1.2182202457184623, -0.48238581488759874)       BT_50_0.9_750.r63.genepop                                                       
-0.32                         22.76                         (-0.85390847547426241, 0.2139084754742625)        BT_50_0.9_750.r56.genepop                                                       
-0.509090909091               22.7709090909                 (-1.0136680496726713, -0.0045137685091467539)     BT_50_0.9_750.r54.genepop                                                       
-0.824848484848               24.8618181818                 (-1.6096399147690059, -0.040057054927963409)      BT_50_0.9_750.r92.genepop                                                       
-1.22121212121                26.2654545455                 (-1.8091810208873358, -0.63324322153690615)       BT_50_0.9_750.r79.genepop                                                       
-0.499393939394               24.8072727273                 (-1.295634351401457, 0.29684647261357844)         BT_50_0.9_750.r52.genepop                                                       
-0.732121212121               23.5345454545                 (-1.1672850644372137, -0.29695735980521087)       BT_50_0.9_750.r11.genepop                                                       
-1.17939393939                26.2072727273                 (-1.7975997863221211, -0.56118809246575774)       BT_50_0.9_750.r59.genepop                                                       
-1.07757575758                24.7890909091                 (-1.6804316400921855, -0.47471987505932989)       BT_50_0.9_750.r33.genepop                                                       
-1.03636363636                24.2836363636                 (-1.5673146529131352, -0.50541261981413665)       BT_50_0.9_750.r84.genepop                                                       
-0.787272727273               25.2727272727                 (-1.4327700891441157, -0.14177536540133839)       BT_50_0.9_750.r75.genepop                                                       
-1.11090909091                23.5690909091                 (-1.6325987758870459, -0.5892194059311362)        BT_50_0.9_750.r78.genepop                                                       
-0.88                         23.8                          (-1.4651647629674169, -0.29483523703258252)       BT_50_0.9_750.r69.genepop                                                       
-0.976363636364               25.4236363636                 (-1.6839214576453871, -0.26880581508188517)       BT_50_0.9_750.r71.genepop                                                       
-0.349090909091               21.1509090909                 (-0.87406432673411427, 0.17588250855229581)       BT_50_0.9_750.r53.genepop                                                       
-1.17575757576                26.3309090909                 (-1.5155369703176178, -0.83597818119753331)       BT_50_0.9_750.r70.genepop                                                       
-0.949696969697               24.8636363636                 (-1.6245293275621637, -0.27486461183177657)       BT_50_0.9_750.r18.genepop                                                       
-0.964848484848               24.5018181818                 (-1.6005082843624301, -0.32918868533453949)       BT_50_0.9_750.r86.genepop                                                       
-0.787272727273               24.6327272727                 (-1.3408741137534768, -0.2336713407919776)        BT_50_0.9_750.r93.genepop                                                       
-0.871515151515               24.1418181818                 (-1.3947485486121871, -0.34828175441811582)       BT_50_0.9_750.r82.genepop                                                       
-1.67636363636                28.3436363636                 (-2.1037221203181589, -1.2490051524091133)        BT_50_0.9_750.r90.genepop                                                       
-0.996363636364               26.1636363636                 (-1.6913701972490114, -0.30135707547826185)       BT_50_0.9_750.r21.genepop                                                       
-0.804242424242               24.1490909091                 (-1.2608828168841115, -0.34760203160073683)       BT_50_0.9_750.r85.genepop                                                       
-1.26484848485                25.8018181818                 (-1.9131579179312492, -0.61653905176571999)       BT_50_0.9_750.r64.genepop                                                       
-1.04545454545                24.6945454545                 (-1.5248153784566307, -0.56609371245246021)       BT_50_0.9_750.r68.genepop                                                       
-1.24666666667                25.8                          (-1.9780172599707275, -0.51531607336260576)       BT_50_0.9_750.r36.genepop                                                       
-1.44242424242                26.3709090909                 (-1.864531563108323, -1.0203169217401622)         BT_50_0.9_750.r61.genepop                                                       
-0.810909090909               23.4090909091                 (-1.5533682605473274, -0.068449921270854475)      BT_50_0.9_750.r30.genepop                                                       
-0.327878787879               20.5854545455                 (-0.85033968354346057, 0.19458210778588458)       BT_50_0.9_750.r97.genepop                                                       
-1.32606060606                26.8472727273                 (-1.7015102421996866, -0.95061096992152572)       BT_50_0.9_750.r8.genepop                                                        
-0.812727272727               24.2872727273                 (-1.3727833190445793, -0.25267122640996564)       BT_50_0.9_750.r89.genepop                                                       
-0.701818181818               22.6581818182                 (-1.1026433536331386, -0.3009930100032247)        BT_50_0.9_750.r9.genepop                                                        
-1.08848484848                24.6181818182                 (-1.7994228185720613, -0.37754687839763545)       BT_50_0.9_750.r32.genepop                                                       
-1.54484848485                27.9418181818                 (-1.9880893944915492, -1.1016075752054202)        BT_50_0.9_750.r91.genepop                                                       
-0.404242424242               23.0090909091                 (-1.1945338167277417, 0.38604896824289281)        BT_50_0.9_750.r65.genepop                                                       
-0.527272727273               24.3527272727                 (-1.2375086831972661, 0.18296322865181125)        BT_50_0.9_750.r94.genepop                                                       
-0.673939393939               22.9327272727                 (-1.2336273597078324, -0.11425142817095546)       BT_50_0.9_750.r22.genepop                                                       
-0.697575757576               23.1290909091                 (-1.387697599551263, -0.0074539156002523255)      BT_50_0.9_750.r15.genepop                                                       
-1.36060606061                26.8327272727                 (-1.8005421397128221, -0.92066998149929913)       BT_50_0.9_750.r55.genepop                                                       
-0.78                         25.38                         (-1.182411965679135, -0.37758803432086474)        BT_50_0.9_750.r96.genepop                                                       
-0.601818181818               22.0781818182                 (-1.0682282428780168, -0.13540812075834729)       BT_50_0.9_750.r72.genepop                                                       
-1.08909090909                26.1309090909                 (-1.4134933616639358, -0.76468845651788242)       BT_50_0.9_750.r26.genepop                                                       
-0.835151515152               24.0981818182                 (-1.2299004449662116, -0.44040258533681886)       BT_50_0.9_750.r45.genepop                                                       
-1.17878787879                26.7745454545                 (-1.7749862276357051, -0.58258952994005309)       BT_50_0.9_750.r76.genepop                                                       
-1.34727272727                26.7527272727                 (-2.257627598793233, -0.4369178557522222)         BT_50_0.9_750.r40.genepop                                                       
-1.19636363636                26.2036363636                 (-1.7882005994285908, -0.60452667329868226)       BT_50_0.9_750.r50.genepop                                                       
-0.536363636364               20.8436363636                 (-1.3751517606254229, 0.30242448789814957)        BT_50_0.9_750.r7.genepop                                                        
-1.15818181818                25.2018181818                 (-1.4625747877425603, -0.85378884862107562)       BT_50_0.9_750.r74.genepop                                                       
-1.04606060606                26.9272727273                 (-1.6543388345200565, -0.43778237760115535)       BT_50_0.9_750.r31.genepop                                                       
-0.880606060606               24.5127272727                 (-1.4779680566343081, -0.28324406457781282)       BT_50_0.9_750.r3.genepop                                                        
-1.45575757576                29.2109090909                 (-1.8496126220407563, -1.0619025294743953)        BT_50_0.9_750.r66.genepop                                                       
-1.37333333333                27.32                         (-1.9988704673400097, -0.74779619932665642)       BT_50_0.9_750.r27.genepop                                                       
-1.21636363636                27.7636363636                 (-1.877179079038664, -0.55554819368860864)        BT_50_0.9_750.r10.genepop                                                       
-1.06424242424                25.5290909091                 (-1.5152489869786026, -0.61323586150624643)       BT_50_0.9_750.r62.genepop                                                       
-0.644848484848               24.5018181818                 (-1.1775095429932994, -0.11218742670367055)       BT_50_0.9_750.r44.genepop                                                       
-1.37575757576                25.4309090909                 (-2.1537819209296201, -0.59773323058553141)       BT_50_0.9_750.r16.genepop                                                       
-1.09393939394                25.8527272727                 (-1.7373446830126118, -0.45053410486617618)       BT_50_0.9_750.r98.genepop                                                       
-1.19333333333                26.36                         (-1.7834434059935891, -0.60322326067307819)       BT_50_0.9_750.r48.genepop                                                       
-0.899393939394               23.6672727273                 (-1.6444130379979129, -0.15437484078996577)       BT_50_0.9_750.r19.genepop                                                       
-1.40545454545                26.7545454545                 (-2.0158718924293835, -0.79503719847970789)       BT_50_0.9_750.r80.genepop                                                       
-1.02181818182                24.4381818182                 (-1.5033936222884887, -0.54024274134787531)       BT_50_0.9_750.r35.genepop                                                       
-0.85696969697                25.6963636364                 (-1.4862267352649565, -0.22771265867443802)       BT_50_0.9_750.r14.genepop                                                       
-0.593333333333               22.74                         (-1.178772605826609, -0.0078940608400579482)      BT_50_0.9_750.r87.genepop                                                       
-0.971515151515               26.0218181818                 (-1.6918534369133127, -0.25117686611698997)       BT_50_0.9_750.r2.genepop                                                        
-0.727272727273               26.2327272727                 (-1.1889799461486281, -0.26556550839682647)       BT_50_0.9_750.r57.genepop                                                       
-0.870909090909               24.8690909091                 (-1.4046319782555732, -0.3371862035626092)        BT_50_0.9_750.r95.genepop                                                       
-0.668484848485               23.0581818182                 (-1.221813720054562, -0.11515597691513491)        BT_50_0.9_750.r39.genepop                                                       
-1.24606060606                25.3872727273                 (-1.7099941529344242, -0.78212705918678782)       BT_50_0.9_750.r34.genepop                                                       
-0.902424242424               24.1909090909                 (-1.5306783190598154, -0.27417016578866904)       BT_50_0.9_750.r25.genepop                                                       
-0.88303030303                23.4436363636                 (-1.4981233954777746, -0.26793721058283138)       BT_50_0.9_750.r46.genepop                                                       
-1.04424242424                25.1290909091                 (-1.4236796768327924, -0.66480517165205644)       BT_50_0.9_750.r23.genepop                                                       
-1.25939393939                27.1072727273                 (-1.6205324389910842, -0.89825543979679534)       BT_50_0.9_750.r60.genepop                                                       
-0.555757575758               23.5909090909                 (-1.2557690071285368, 0.14425385561338533)        BT_50_0.9_750.r28.genepop                                                       
-0.540606060606               23.5527272727                 (-1.1054005897180545, 0.024188468505933036)       BT_50_0.9_750.r24.genepop                                                       
-1.52484848485                27.4018181818                 (-2.1344048341894397, -0.91529213550753064)       BT_50_0.9_750.r17.genepop                                                       
-1.39575757576                25.5509090909                 (-2.0076364609592701, -0.78387869055588189)       BT_50_0.9_750.r42.genepop                                                       
-0.787878787879               25.2854545455                 (-1.2461933311052009, -0.32956424465237466)       BT_50_0.9_750.r51.genepop                                                       
-1.33212121212                26.7945454545                 (-1.8315095056361081, -0.83273291860631593)       BT_50_0.9_750.r73.genepop                                                       
-0.593939393939               22.8127272727                 (-1.1530279310509215, -0.034850856827866594)      BT_50_0.9_750.r13.genepop                                                       
-0.527878787879               22.5254545455                 (-0.9729940983159846, -0.082763477441590849)      BT_50_0.9_750.r4.genepop                                                        
-1.0303030303                 24.5763636364                 (-1.6560198339608627, -0.4045862266451975)        BT_50_0.9_750.r77.genepop                                                       
-0.579393939394               21.6872727273                 (-1.2945601592420513, 0.13577228045417222)        BT_50_0.9_750.r29.genepop                                                       
-1.31151515152                27.4818181818                 (-1.8139898177657625, -0.80904048526453998)       BT_50_0.9_750.r81.genepop                                                       
-0.78                         24.08                         (-1.4807612992424375, -0.079238700757562341)      BT_50_0.9_750.r37.genepop                                                       
-0.226666666667               20.96                         (-0.81115654366315382, 0.35782321032982062)       BT_50_0.9_750.r47.genepop                                                       
-0.758181818182               23.8418181818                 (-1.3109359605361597, -0.20542767582747645)       BT_50_0.9_750.r67.genepop                                                       
