module: genepopfilemanager.py
orig line: from genepopindividualid import GenepopIndivIdVals
revised line: from agestrucne.genepopindividualid import GenepopIndivIdVals
module: genepopfilemanager.py
orig line: from genepopindividualid import GenepopIndividualId
revised line: from agestrucne.genepopindividualid import GenepopIndividualId
module: genepopfilesampler.py
orig line: from genepopindividualid import GenepopIndivCriterion as gic
revised line: from agestrucne.genepopindividualid import GenepopIndivCriterion as gic
module: genepopfilesampler.py
orig line: from genepopindividualid import GenepopIndivIdVals
revised line: from agestrucne.genepopindividualid import GenepopIndivIdVals
module: negui.py
orig line: import setup_negui_environment as sne
revised line: import agestrucne.setup_negui_environment as sne
module: negui.py
orig line: import pghostnotebook as pgn
revised line: import agestrucne.pghostnotebook as pgn
module: negui.py
orig line: import pgutilities as pgut
revised line: import agestrucne.pgutilities as pgut
module: negui.py
orig line: from pgguiutilities import PGGUIYesNoMessage
revised line: from agestrucne.pgguiutilities import PGGUIYesNoMessage
module: negui.py
orig line: from pgguiutilities import PGGUIErrorMessage
revised line: from agestrucne.pgguiutilities import PGGUIErrorMessage
module: negui.py
orig line: from pgguiutilities import PGGUIWarningMessage
revised line: from agestrucne.pgguiutilities import PGGUIWarningMessage
module: pgdriveneestimator.py
orig line: import genepopindividualid as gpi
revised line: import agestrucne.genepopindividualid as gpi
module: pgdriveneestimator.py
orig line: import genepopfilemanager as gpf
revised line: import agestrucne.genepopfilemanager as gpf
module: pgdriveneestimator.py
orig line: import genepopfilesampler as gps
revised line: import agestrucne.genepopfilesampler as gps
module: pgdriveneestimator.py
orig line: import pgopneestimator as pgne
revised line: import agestrucne.pgopneestimator as pgne
module: pgdriveneestimator.py
orig line: import pginputneestimator as pgin
revised line: import agestrucne.pginputneestimator as pgin
module: pgdriveneestimator.py
orig line: import pgoutputneestimator as pgout
revised line: import agestrucne.pgoutputneestimator as pgout
module: pgdriveneestimator.py
orig line: from pgutilityclasses import NbNeReader
revised line: from agestrucne.pgutilityclasses import NbNeReader
module: pgdriveneestimator.py
orig line: from pgutilityclasses import LDNENbBiasAdjustor
revised line: from agestrucne.pgutilityclasses import LDNENbBiasAdjustor
module: pgdriveneestimator.py
orig line: import genepopfilelociinfo as gpl
revised line: import agestrucne.genepopfilelociinfo as gpl
module: pgdriveneestimator.py
orig line: import pgutilities as pgut
revised line: import agestrucne.pgutilities as pgut
module: pgdriveneestimator.py
orig line: 		from pgguiutilities import PGGUIErrorMessage
revised line: 		from agestrucne.pgguiutilities import PGGUIErrorMessage
module: pgdriveneestimator.py
orig line: 		from pgguiutilities import PGGUIInfoMessage
revised line: 		from agestrucne.pgguiutilities import PGGUIInfoMessage
module: pgdrivesimulation.py
orig line: import pgutilities as pgut
revised line: import agestrucne.pgutilities as pgut
module: pgdrivesimulation.py
orig line: import pgparamset as pgparams
revised line: import agestrucne.pgparamset as pgparams
module: pgdrivesimulation.py
orig line: import pgsimupopresources as pgres
revised line: import agestrucne.pgsimupopresources as pgres
module: pgdrivesimulation.py
orig line: import pginputsimupop as pgin
revised line: import agestrucne.pginputsimupop as pgin
module: pgdrivesimulation.py
orig line: import pgoutputsimupop as pgout
revised line: import agestrucne.pgoutputsimupop as pgout
module: pgdrivesimulation.py
orig line: import pgopsimupop as pgop
revised line: import agestrucne.pgopsimupop as pgop
module: pgframecontainerscrolled.py
orig line: import pgutilities as pgut
revised line: import agestrucne.pgutilities as pgut
module: pgframecontainerscrolled.py
orig line: from pgguiutilities import FredLundhsAutoScrollbar
revised line: from agestrucne.pgguiutilities import FredLundhsAutoScrollbar
module: pgguineestimator.py
orig line: import pgguiapp as pgg
revised line: import agestrucne.pgguiapp as pgg
module: pgguineestimator.py
orig line: import pgutilities as pgut
revised line: import agestrucne.pgutilities as pgut
module: pgguineestimator.py
orig line: import pgparamset as pgps
revised line: import agestrucne.pgparamset as pgps
module: pgguineestimator.py
orig line: import pgdriveneestimator as pgdn
revised line: import agestrucne.pgdriveneestimator as pgdn
module: pgguineestimator.py
orig line: from pgkeyvalueframe import KeyValFrame
revised line: from agestrucne.pgkeyvalueframe import KeyValFrame
module: pgguineestimator.py
orig line: from pgkeylistcomboframe import KeyListComboFrame
revised line: from agestrucne.pgkeylistcomboframe import KeyListComboFrame
module: pgguineestimator.py
orig line: from pgkeycheckboxvalueframe import KeyCheckboxValueFrame
revised line: from agestrucne.pgkeycheckboxvalueframe import KeyCheckboxValueFrame
module: pgguineestimator.py
orig line: from pgguiutilities import FredLundhsAutoScrollbar
revised line: from agestrucne.pgguiutilities import FredLundhsAutoScrollbar
module: pgguineestimator.py
orig line: from pgguiutilities import PGGUIInfoMessage
revised line: from agestrucne.pgguiutilities import PGGUIInfoMessage
module: pgguineestimator.py
orig line: from pgguiutilities import PGGUIYesNoMessage
revised line: from agestrucne.pgguiutilities import PGGUIYesNoMessage
module: pgguineestimator.py
orig line: from pgguiutilities import PGGUIErrorMessage
revised line: from agestrucne.pgguiutilities import PGGUIErrorMessage
module: pgguineestimator.py
orig line: from pgutilityclasses import FloatIntStringParamValidity
revised line: from agestrucne.pgutilityclasses import FloatIntStringParamValidity
module: pgguineestimator.py
orig line: from pgutilityclasses import ValueValidator
revised line: from agestrucne.pgutilityclasses import ValueValidator
module: pgguineestimator.py
orig line: from pgdriveneestimator import MAX_GENEPOP_FILE_NAME_LENGTH
revised line: from agestrucne.pgdriveneestimator import MAX_GENEPOP_FILE_NAME_LENGTH
module: pgguineestimator.py
orig line: from pgutilityclasses import NeEstimatorSamplingSchemeParameterManager 
revised line: from agestrucne.pgutilityclasses import NeEstimatorSamplingSchemeParameterManager 
module: pgguineestimator.py
orig line: from pgutilityclasses import NeEstimatorLociSamplingSchemeParameterManager
revised line: from agestrucne.pgutilityclasses import NeEstimatorLociSamplingSchemeParameterManager
module: pgguineestimator.py
orig line: from pgutilityclasses import NbNeReader
revised line: from agestrucne.pgutilityclasses import NbNeReader
module: pgguineestimator.py
orig line: from pglineregressconfigfilemaker import PGLineRegressConfigFileMaker
revised line: from agestrucne.pglineregressconfigfilemaker import PGLineRegressConfigFileMaker
module: pgguisimupop.py
orig line: import pgmenubuilder as pgmb
revised line: import agestrucne.pgmenubuilder as pgmb
module: pgguisimupop.py
orig line: import pgguiapp as pgg
revised line: import agestrucne.pgguiapp as pgg
module: pgguisimupop.py
orig line: import pgsimupopresources as pgsr
revised line: import agestrucne.pgsimupopresources as pgsr
module: pgguisimupop.py
orig line: import pginputsimupop as pgin
revised line: import agestrucne.pginputsimupop as pgin
module: pgguisimupop.py
orig line: import pgparamset as pgps
revised line: import agestrucne.pgparamset as pgps
module: pgguisimupop.py
orig line: import pgoutputsimupop as pgout
revised line: import agestrucne.pgoutputsimupop as pgout
module: pgguisimupop.py
orig line: from pgkeyvalueframe import KeyValFrame
revised line: from agestrucne.pgkeyvalueframe import KeyValFrame
module: pgguisimupop.py
orig line: from pgkeylistcomboframe import KeyListComboFrame
revised line: from agestrucne.pgkeylistcomboframe import KeyListComboFrame
module: pgguisimupop.py
orig line: from pgkeycategoricalvalueframe import KeyCategoricalValueFrame
revised line: from agestrucne.pgkeycategoricalvalueframe import KeyCategoricalValueFrame
module: pgguisimupop.py
orig line: from pgkeycheckboxvalueframe import KeyCheckboxValueFrame
revised line: from agestrucne.pgkeycheckboxvalueframe import KeyCheckboxValueFrame
module: pgguisimupop.py
orig line: from pgguiutilities import PGGUIInfoMessage
revised line: from agestrucne.pgguiutilities import PGGUIInfoMessage
module: pgguisimupop.py
orig line: from pgguiutilities import PGGUIYesNoMessage
revised line: from agestrucne.pgguiutilities import PGGUIYesNoMessage
module: pgguisimupop.py
orig line: from pgguiutilities import PGGUIErrorMessage
revised line: from agestrucne.pgguiutilities import PGGUIErrorMessage
module: pgguisimupop.py
orig line: from pgutilityclasses import IndependantSubprocessGroup
revised line: from agestrucne.pgutilityclasses import IndependantSubprocessGroup
module: pgguisimupop.py
orig line: from pgutilityclasses import FloatIntStringParamValidity
revised line: from agestrucne.pgutilityclasses import FloatIntStringParamValidity
module: pgguisimupop.py
orig line: from pgutilityclasses import ValueValidator
revised line: from agestrucne.pgutilityclasses import ValueValidator
module: pgguisimupop.py
orig line: import pgutilities as pgut
revised line: import agestrucne.pgutilities as pgut
module: pgguiutilities.py
orig line: import createtooltip as ctt
revised line: import agestrucne.createtooltip as ctt
module: pgguiutilities.py
orig line: import pgutilities as pgut
revised line: import agestrucne.pgutilities as pgut
module: pgguiutilities.py
orig line: #	import pgutilities as modut
revised line: #	import agestrucne.pgutilities as modut
module: pgguiviz.py
orig line: import pgguiapp as pgg
revised line: import agestrucne.pgguiapp as pgg
module: pgguiviz.py
orig line: import pgutilities as pgut
revised line: import agestrucne.pgutilities as pgut
module: pgguiviz.py
orig line: import pgparamset as pgps
revised line: import agestrucne.pgparamset as pgps
module: pgguiviz.py
orig line: from pgkeyvalueframe import KeyValFrame
revised line: from agestrucne.pgkeyvalueframe import KeyValFrame
module: pgguiviz.py
orig line: from pgkeylistcomboframe import KeyListComboFrame
revised line: from agestrucne.pgkeylistcomboframe import KeyListComboFrame
module: pgguiviz.py
orig line: from pgguiutilities import FredLundhsAutoScrollbar
revised line: from agestrucne.pgguiutilities import FredLundhsAutoScrollbar
module: pgguiviz.py
orig line: from pgguiutilities import PGGUIInfoMessage
revised line: from agestrucne.pgguiutilities import PGGUIInfoMessage
module: pgguiviz.py
orig line: from pgguiutilities import PGGUIYesNoMessage
revised line: from agestrucne.pgguiutilities import PGGUIYesNoMessage
module: pgguiviz.py
orig line: from pgguiutilities import PGGUIErrorMessage
revised line: from agestrucne.pgguiutilities import PGGUIErrorMessage
module: pgguiviz.py
orig line: from pgguiutilities import PGGUIMessageWaitForResultsAndActionOnCancel
revised line: from agestrucne.pgguiutilities import PGGUIMessageWaitForResultsAndActionOnCancel
module: pgguiviz.py
orig line: from pgutilityclasses import ValueValidator
revised line: from agestrucne.pgutilityclasses import ValueValidator
module: pgguiviz.py
orig line: from pglineregressconfigfilemaker import PGLineRegressConfigFileMaker
revised line: from agestrucne.pglineregressconfigfilemaker import PGLineRegressConfigFileMaker
module: pghostnotebook.py
orig line: import pgmenubuilder as pgmb
revised line: import agestrucne.pgmenubuilder as pgmb
module: pghostnotebook.py
orig line: #import pgguisimupop as pggs
revised line: #import agestrucne.pgguisimupop as pggs
module: pghostnotebook.py
orig line: import pgguisimupop as pggs
revised line: import agestrucne.pgguisimupop as pggs
module: pghostnotebook.py
orig line: import pgguiviz as pggv
revised line: import agestrucne.pgguiviz as pggv
module: pghostnotebook.py
orig line: import pgguineestimator as pgne
revised line: import agestrucne.pgguineestimator as pgne
module: pghostnotebook.py
orig line: import pgneestimationboxplotinterface as pgbp
revised line: import agestrucne.pgneestimationboxplotinterface as pgbp
module: pghostnotebook.py
orig line: import pgneestimationregressplotinterface as pgrp
revised line: import agestrucne.pgneestimationregressplotinterface as pgrp
module: pghostnotebook.py
orig line: from pgframecontainerscrolled import FrameContainerScrolled
revised line: from agestrucne.pgframecontainerscrolled import FrameContainerScrolled
module: pghostnotebook.py
orig line: from pgguiutilities import PGGUIYesNoMessage
revised line: from agestrucne.pgguiutilities import PGGUIYesNoMessage
module: pghostnotebook.py
orig line: from pgutilities import get_cpu_count
revised line: from agestrucne.pgutilities import get_cpu_count
module: pginputsimupop.py
orig line: from pgutilityclasses import NbAdjustmentRangeAndRate
revised line: from agestrucne.pgutilityclasses import NbAdjustmentRangeAndRate
module: pginputsimupop.py
orig line: 	import pgutilities as pgut
revised line: 	import agestrucne.pgutilities as pgut
module: pginputsimupop.py
orig line: 	import pgparamset as pgps
revised line: 	import agestrucne.pgparamset as pgps
module: pginputsimupop.py
orig line: 	import pgsimupopresources as pgsr	
revised line: 	import agestrucne.pgsimupopresources as pgsr	
module: pgkeycategoricalvalueframe.py
orig line: import createtooltip as ctt
revised line: import agestrucne.createtooltip as ctt
module: pgkeycategoricalvalueframe.py
orig line: from pgkeycontrolframe import PGKeyControlFrame
revised line: from agestrucne.pgkeycontrolframe import PGKeyControlFrame
module: pgkeycategoricalvalueframe.py
orig line: from pgguiutilities import FredLundhsAutoScrollbar
revised line: from agestrucne.pgguiutilities import FredLundhsAutoScrollbar
module: pgkeycategoricalvalueframe.py
orig line: from pgguiutilities import PGGUIInfoMessage
revised line: from agestrucne.pgguiutilities import PGGUIInfoMessage
module: pgkeycategoricalvalueframe.py
orig line: from pgguiutilities import PGGUIYesNoMessage
revised line: from agestrucne.pgguiutilities import PGGUIYesNoMessage
module: pgkeycategoricalvalueframe.py
orig line: from pgguiutilities import PGGUIErrorMessage
revised line: from agestrucne.pgguiutilities import PGGUIErrorMessage
module: pgkeycheckboxvalueframe.py
orig line: import createtooltip as ctt
revised line: import agestrucne.createtooltip as ctt
module: pgkeycheckboxvalueframe.py
orig line: from pgguiutilities import FredLundhsAutoScrollbar
revised line: from agestrucne.pgguiutilities import FredLundhsAutoScrollbar
module: pgkeycheckboxvalueframe.py
orig line: from pgguiutilities import PGGUIInfoMessage
revised line: from agestrucne.pgguiutilities import PGGUIInfoMessage
module: pgkeycheckboxvalueframe.py
orig line: from pgguiutilities import PGGUIYesNoMessage
revised line: from agestrucne.pgguiutilities import PGGUIYesNoMessage
module: pgkeycheckboxvalueframe.py
orig line: from pgguiutilities import PGGUIErrorMessage
revised line: from agestrucne.pgguiutilities import PGGUIErrorMessage
module: pgkeycheckboxvalueframe.py
orig line: from pgkeycontrolframe import PGKeyControlFrame
revised line: from agestrucne.pgkeycontrolframe import PGKeyControlFrame
module: pgkeylistcomboframe.py
orig line: import createtooltip as ctt
revised line: import agestrucne.createtooltip as ctt
module: pgkeylistcomboframe.py
orig line: from pgguiutilities import FredLundhsAutoScrollbar
revised line: from agestrucne.pgguiutilities import FredLundhsAutoScrollbar
module: pgkeylistcomboframe.py
orig line: from pgguiutilities import PGGUIInfoMessage
revised line: from agestrucne.pgguiutilities import PGGUIInfoMessage
module: pgkeylistcomboframe.py
orig line: from pgguiutilities import PGGUIYesNoMessage
revised line: from agestrucne.pgguiutilities import PGGUIYesNoMessage
module: pgkeylistcomboframe.py
orig line: from pgguiutilities import PGGUIErrorMessage
revised line: from agestrucne.pgguiutilities import PGGUIErrorMessage
module: pgkeylistcomboframe.py
orig line: from pgkeycontrolframe import PGKeyControlFrame
revised line: from agestrucne.pgkeycontrolframe import PGKeyControlFrame
module: pgkeyvalueframe.py
orig line: from pglisteditingsubframe import ListEditingSubframe 
revised line: from agestrucne.pglisteditingsubframe import ListEditingSubframe 
module: pgkeyvalueframe.py
orig line: from pgguiutilities import FredLundhsAutoScrollbar
revised line: from agestrucne.pgguiutilities import FredLundhsAutoScrollbar
module: pgkeyvalueframe.py
orig line: from pgguiutilities import PGGUIInfoMessage
revised line: from agestrucne.pgguiutilities import PGGUIInfoMessage
module: pgkeyvalueframe.py
orig line: from pgguiutilities import PGGUIYesNoMessage
revised line: from agestrucne.pgguiutilities import PGGUIYesNoMessage
module: pgkeyvalueframe.py
orig line: from pgguiutilities import PGGUIErrorMessage
revised line: from agestrucne.pgguiutilities import PGGUIErrorMessage
module: pgkeyvalueframe.py
orig line: import createtooltip as ctt
revised line: import agestrucne.createtooltip as ctt
module: pgkeyvalueframe.py
orig line: from pgkeycontrolframe import PGKeyControlFrame
revised line: from agestrucne.pgkeycontrolframe import PGKeyControlFrame
module: pgldne2controller.py
orig line: import pgutilities as pgut
revised line: import agestrucne.pgutilities as pgut
module: pgldne2controller.py
orig line: 	import pgldne2outputparser as ldneparser
revised line: 	import agestrucne.pgldne2outputparser as ldneparser
module: pglineregressconfigfilemaker.py
orig line: import pgutilities as pgut
revised line: import agestrucne.pgutilities as pgut
module: pglisteditingsubframe.py
orig line: import pgutilities as pgut
revised line: import agestrucne.pgutilities as pgut
module: pgneestimationboxplotinterface.py
orig line: import pgutilities as pgut
revised line: import agestrucne.pgutilities as pgut
module: pgneestimationboxplotinterface.py
orig line: from pgguiutilities import PGGUIInfoMessage
revised line: from agestrucne.pgguiutilities import PGGUIInfoMessage
module: pgneestimationboxplotinterface.py
orig line: from pgplottingframe import PGPlottingFrameBoxplotFromFileManager
revised line: from agestrucne.pgplottingframe import PGPlottingFrameBoxplotFromFileManager
module: pgneestimationboxplotinterface.py
orig line: from pgframecontainerscrolled import FrameContainerScrolled
revised line: from agestrucne.pgframecontainerscrolled import FrameContainerScrolled
module: pgneestimationboxplotinterface.py
orig line: from pgneestimationtablefilemanager import NeEstimationTableFileManager
revised line: from agestrucne.pgneestimationtablefilemanager import NeEstimationTableFileManager
module: pgneestimationboxplotinterface.py
orig line: from pgneestimationtableselectioncombo import PGNeEstTableColumnSelectionCombo
revised line: from agestrucne.pgneestimationtableselectioncombo import PGNeEstTableColumnSelectionCombo
module: pgneestimationboxplotinterface.py
orig line: from pgneestimationtableselectioncombo import PGNeEstTableValueSelectionCombo
revised line: from agestrucne.pgneestimationtableselectioncombo import PGNeEstTableValueSelectionCombo
module: pgneestimationboxplotinterface.py
orig line: from pgkeyvalueframe import KeyValFrame
revised line: from agestrucne.pgkeyvalueframe import KeyValFrame
module: pgneestimationboxplotinterface.py
orig line: from pgscalewithentry import PGScaleWithEntry
revised line: from agestrucne.pgscalewithentry import PGScaleWithEntry
module: pgneestimationregressplotinterface.py
orig line: import pgutilities as pgut
revised line: import agestrucne.pgutilities as pgut
module: pgneestimationregressplotinterface.py
orig line: from pgguiutilities import PGGUIInfoMessage
revised line: from agestrucne.pgguiutilities import PGGUIInfoMessage
module: pgneestimationregressplotinterface.py
orig line: from pgguiutilities import PGGUIErrorMessage
revised line: from agestrucne.pgguiutilities import PGGUIErrorMessage
module: pgneestimationregressplotinterface.py
orig line: from pgguiutilities import PGGUIMessageWaitForResultsAndActionOnCancel
revised line: from agestrucne.pgguiutilities import PGGUIMessageWaitForResultsAndActionOnCancel
module: pgneestimationregressplotinterface.py
orig line: from pgplottingframe import PGPlottingFrameRegressionLinesFromFileManager
revised line: from agestrucne.pgplottingframe import PGPlottingFrameRegressionLinesFromFileManager
module: pgneestimationregressplotinterface.py
orig line: from pgframecontainerscrolled import FrameContainerScrolled
revised line: from agestrucne.pgframecontainerscrolled import FrameContainerScrolled
module: pgneestimationregressplotinterface.py
orig line: from pgneestimationtablefilemanager import NeEstimationTableFileManager
revised line: from agestrucne.pgneestimationtablefilemanager import NeEstimationTableFileManager
module: pgneestimationregressplotinterface.py
orig line: from pgneestimationtableselectioncombo import PGNeEstTableColumnSelectionCombo
revised line: from agestrucne.pgneestimationtableselectioncombo import PGNeEstTableColumnSelectionCombo
module: pgneestimationregressplotinterface.py
orig line: from pgneestimationtableselectioncombo import PGNeEstTableValueSelectionCombo
revised line: from agestrucne.pgneestimationtableselectioncombo import PGNeEstTableValueSelectionCombo
module: pgneestimationregressplotinterface.py
orig line: from pgkeyvalueframe import KeyValFrame
revised line: from agestrucne.pgkeyvalueframe import KeyValFrame
module: pgneestimationregressplotinterface.py
orig line: from pgregresstabletextframe import PGRegressTableTextFrame
revised line: from agestrucne.pgregresstabletextframe import PGRegressTableTextFrame
module: pgneestimationregressplotinterface.py
orig line: from pgregressionstats import PGRegressionStats
revised line: from agestrucne.pgregressionstats import PGRegressionStats
module: pgneestimationregressplotinterface.py
orig line: from pgscalewithentry import PGScaleWithEntry
revised line: from agestrucne.pgscalewithentry import PGScaleWithEntry
module: pgneestimationtableselectioncombo.py
orig line: from pgneestimationtablefilemanager import NeEstimationTableFileManager
revised line: from agestrucne.pgneestimationtablefilemanager import NeEstimationTableFileManager
module: pgneestimationtableselectioncombo.py
orig line: 	from pgneestimationtablefilemanager import NeEstimationTableFileManager
revised line: 	from agestrucne.pgneestimationtablefilemanager import NeEstimationTableFileManager
module: pgopneestimator.py
orig line: import pgldne2controller as pgldne
revised line: import agestrucne.pgldne2controller as pgldne
module: pgopneestimator.py
orig line: from apgoperation import APGOperation
revised line: from agestrucne.apgoperation import APGOperation
module: pgopneestimator.py
orig line: from pginputneestimator import PGInputNeEstimator
revised line: from agestrucne.pginputneestimator import PGInputNeEstimator
module: pgopneestimator.py
orig line: from pgoutputneestimator import PGOutputNeEstimator
revised line: from agestrucne.pgoutputneestimator import PGOutputNeEstimator
module: pgopneestimator.py
orig line: import pgutilities as pgut
revised line: import agestrucne.pgutilities as pgut
module: pgopneestimator.py
orig line: 	import genepopfilemanager as gpf
revised line: 	import agestrucne.genepopfilemanager as gpf
module: pgopsimupop.py
orig line: import apgoperation as modop
revised line: import agestrucne.apgoperation as modop
module: pgopsimupop.py
orig line: import pgutilities as pgut
revised line: import agestrucne.pgutilities as pgut
module: pgopsimupop.py
orig line: import pginputsimupop as pgin
revised line: import agestrucne.pginputsimupop as pgin
module: pgopsimupop.py
orig line: import pgoutputsimupop as pgout
revised line: import agestrucne.pgoutputsimupop as pgout
module: pgopsimupop.py
orig line: 		from pgguiutilities import PGGUIInfoMessage as guiinfo
revised line: 		from agestrucne.pgguiutilities import PGGUIInfoMessage as guiinfo
module: pgopsimupop.py
orig line: 		from pgguiutilities import PGGUIErrorMessage as guierr
revised line: 		from agestrucne.pgguiutilities import PGGUIErrorMessage as guierr
module: pgopsimupop.py
orig line: 		import pginputsimupop as pgin
revised line: 		import agestrucne.pginputsimupop as pgin
module: pgopsimupop.py
orig line: 		import pgoutputsimupop as pgout
revised line: 		import agestrucne.pgoutputsimupop as pgout
module: pgopsimupop.py
orig line: 		import pgsimupopresources as pgrec
revised line: 		import agestrucne.pgsimupopresources as pgrec
module: pgopsimupop.py
orig line: 		import pgparamset as pgps
revised line: 		import agestrucne.pgparamset as pgps
module: pgopsimupop.py
orig line: 		import pgutilities as pgut
revised line: 		import agestrucne.pgutilities as pgut
module: pgopsimupop.py
orig line: 		import pginputsimupop as pgin
revised line: 		import agestrucne.pginputsimupop as pgin
module: pgopsimupop.py
orig line: 		import pgoutputsimupop as pgout
revised line: 		import agestrucne.pgoutputsimupop as pgout
module: pgopsimupop.py
orig line: 		import pgsimupopresources as pgrec
revised line: 		import agestrucne.pgsimupopresources as pgrec
module: pgopsimupop.py
orig line: 		import pgparamset as pgps
revised line: 		import agestrucne.pgparamset as pgps
module: pgoutputneestimator.py
orig line: import pgldne2outputparser as pgldne
revised line: import agestrucne.pgldne2outputparser as pgldne
module: pgplottingframe.py
orig line: from pgguiutilities import FredLundhsAutoScrollbar
revised line: from agestrucne.pgguiutilities import FredLundhsAutoScrollbar
module: pgplottingframe.py
orig line: from pgneestimationtablefilemanager import NeEstimationTableFileManager
revised line: from agestrucne.pgneestimationtablefilemanager import NeEstimationTableFileManager
module: pgplottingframe.py
orig line: from pgregresser import PGRegresser
revised line: from agestrucne.pgregresser import PGRegresser
module: pgplottingframe.py
orig line: 	import pgneestimationtablefilemanager as pgnfm
revised line: 	import agestrucne.pgneestimationtablefilemanager as pgnfm
module: pgregressionstats.py
orig line: from pgneestimationtablefilemanager import NeEstimationTableFileManager
revised line: from agestrucne.pgneestimationtablefilemanager import NeEstimationTableFileManager
module: pgregresstabletextframe.py
orig line: 	import pgneestimationtablefilemanager as pgfm
revised line: 	import agestrucne.pgneestimationtablefilemanager as pgfm
module: pgregresstabletextframe.py
orig line: 	from pgregressionstats import PGRegressionStats
revised line: 	from agestrucne.pgregressionstats import PGRegressionStats
module: pgscalewithentry.py
orig line: from pgkeyvalueframe import KeyValFrame
revised line: from agestrucne.pgkeyvalueframe import KeyValFrame
module: pgscalewithentry.py
orig line: from pgutilityclasses import FloatIntStringParamValidity
revised line: from agestrucne.pgutilityclasses import FloatIntStringParamValidity
module: pgscalewithentry.py
orig line: from pgutilityclasses import ValueValidator
revised line: from agestrucne.pgutilityclasses import ValueValidator
module: pgscalewithentry.py
orig line: from pgguiutilities import PGGUIErrorMessage
revised line: from agestrucne.pgguiutilities import PGGUIErrorMessage
module: pgscalewithentry.py
orig line: from pgguiutilities import PGGUIInfoMessage
revised line: from agestrucne.pgguiutilities import PGGUIInfoMessage
module: pgutilities.py
orig line: import pgopsimupop as pgsim
revised line: import agestrucne.pgopsimupop as pgsim
module: pgutilities.py
orig line: import pgsimupopresources as pgrec
revised line: import agestrucne.pgsimupopresources as pgrec
module: pgutilities.py
orig line: import pginputsimupop as pgin
revised line: import agestrucne.pginputsimupop as pgin
module: pgutilities.py
orig line: import pgoutputsimupop as pgout
revised line: import agestrucne.pgoutputsimupop as pgout
module: pgutilities.py
orig line: import pgparamset as pgpar
revised line: import agestrucne.pgparamset as pgpar
module: pgutilities.py
orig line: from pgutilityclasses import IndependantSubprocessGroup 
revised line: from agestrucne.pgutilityclasses import IndependantSubprocessGroup 
module: pgutilities.py
orig line: from pgneestimationtablefilemanager import NeEstimationTableFileManager 
revised line: from agestrucne.pgneestimationtablefilemanager import NeEstimationTableFileManager 
module: pgutilities.py
orig line: 	module found in the import pgguiutilities 
revised line: 	module found in the import agestrucne.pgguiutilities 
module: pgutilities.py
orig line: 	s_import_statement="import pgdriveneestimator as pgd;"
revised line: 	s_import_statement="import agestrucne.pgdriveneestimator as pgd;"
module: pgutilities.py
orig line: 		module found in the import pgguiutilities 
revised line: 		module found in the import agestrucne.pgguiutilities 
module: pgutilities.py
orig line: 		s_import_statement="import pgutilities as pgu;"
revised line: 		s_import_statement="import agestrucne.pgutilities as pgu;"
module: pgutilities.py
orig line: 	module found in the import pgguiutilities 
revised line: 	module found in the import agestrucne.pgguiutilities 
module: pgutilities.py
orig line: 	s_import_statement="from pgguiutilities import PGGUIErrorMessage;"
revised line: 	s_import_statement="from agestrucne.pgguiutilities import PGGUIErrorMessage;"
module: pgutilities.py
orig line: 	module found in the import pgguiutilities 
revised line: 	module found in the import agestrucne.pgguiutilities 
module: pgutilities.py
orig line: 	s_import_statement="from pgguiutilities import PGGUIWarningMessage;"
revised line: 	s_import_statement="from agestrucne.pgguiutilities import PGGUIWarningMessage;"
module: pgutilityclasses.py
orig line: from pgvalidationdefs import *
revised line: from agestrucne.pgvalidationdefs import *
module: pgvalidationtests.py
orig line: import genepopfilemanager as gpm
revised line: import agestrucne.genepopfilemanager as gpm
module: pgvalidationtests.py
orig line: import genepopfilelociinfo as gpl
revised line: import agestrucne.genepopfilelociinfo as gpl
module: pgvalidationtests.py
orig line: import pgutilityclasses as pguc
revised line: import agestrucne.pgutilityclasses as pguc
module: setup_negui_environment.py
orig line: 		from pgguiutilities import PGGUIErrorMessage as pgge
revised line: 		from agestrucne.pgguiutilities import PGGUIErrorMessage as pgge
module: setup_negui_environment.py
orig line: 		from pgguiutilities import PGGUIInfoMessage as pggi
revised line: 		from agestrucne.pgguiutilities import PGGUIInfoMessage as pggi
module: setup_negui_environment.py
orig line: 		from pgguiutilities import PGGUIWarningMessage as pggw
revised line: 		from agestrucne.pgguiutilities import PGGUIWarningMessage as pggw
