File:/home/sinless/Summer2016/negui_base/Out2/BT_0.9_750_2.ldne.tsv

Max Regression Slope:		-0.320606060606
Min Regression Slope:		-1.55515151515
Mean Regression Slope:		-0.912460606061
Meadian Regression Slope:	-0.903636363636

Comparison to a slope of: 0  at alpha =  0.1
Positive Slopes:	0		Neutral Slopes:	5		Negative Slopes:	95
Non-Number Slopes:	0

Slope                         Intercept                     Confidence Interval(90.0%)                        Source File                                                                     
-1.09575757576                14.7109090909                 (-1.4007934980478225, -0.79072165346732937)       BT_50_0.9_750_2.r33.genepop                                                     
-0.884848484848               14.8618181818                 (-1.104421001081791, -0.66527596861517857)        BT_50_0.9_750_2.r7.genepop                                                      
-0.711515151515               13.1218181818                 (-1.1216776942652114, -0.30135260876509179)       BT_50_0.9_750_2.r100.genepop                                                    
-0.661212121212               13.3654545455                 (-1.1250265613982331, -0.19739768102600935)       BT_50_0.9_750_2.r81.genepop                                                     
-1.09878787879                13.4345454545                 (-1.5114580033191265, -0.68611775425663124)       BT_50_0.9_750_2.r47.genepop                                                     
-1.13939393939                14.5672727273                 (-1.4440986551479269, -0.8346892236399519)        BT_50_0.9_750_2.r59.genepop                                                     
-0.554545454545               12.8254545455                 (-1.2287964524830393, 0.11970554339213013)        BT_50_0.9_750_2.r27.genepop                                                     
-1.14                         15.52                         (-1.5894267216729183, -0.69057327832708193)       BT_50_0.9_750_2.r29.genepop                                                     
-0.901212121212               14.3454545455                 (-1.1968662492222726, -0.60555799320196968)       BT_50_0.9_750_2.r67.genepop                                                     
-0.627878787879               11.9654545455                 (-1.1364156938911902, -0.11934188186638539)       BT_50_0.9_750_2.r97.genepop                                                     
-1.12424242424                15.2290909091                 (-1.5842436629136103, -0.66424118557123868)       BT_50_0.9_750_2.r89.genepop                                                     
-0.921818181818               15.0581818182                 (-1.482608532012776, -0.36102783162358798)        BT_50_0.9_750_2.r88.genepop                                                     
-1.23272727273                15.6472727273                 (-1.8227765382280956, -0.64267800722644941)       BT_50_0.9_750_2.r18.genepop                                                     
-1.06242424242                13.0309090909                 (-1.285564314941203, -0.8392841699072815)         BT_50_0.9_750_2.r49.genepop                                                     
-0.677575757576               12.4490909091                 (-1.0824248847701872, -0.27272663038132822)       BT_50_0.9_750_2.r78.genepop                                                     
-0.72                         14.38                         (-1.2229225089452629, -0.21707749105473717)       BT_50_0.9_750_2.r72.genepop                                                     
-0.87696969697                14.6363636364                 (-1.2795915008032583, -0.47434789313613546)       BT_50_0.9_750_2.r91.genepop                                                     
-1.01515151515                14.3381818182                 (-1.3492282575162522, -0.68107477278677808)       BT_50_0.9_750_2.r30.genepop                                                     
-0.892121212121               13.3545454545                 (-1.4327383244174496, -0.35150409982497455)       BT_50_0.9_750_2.r5.genepop                                                      
-0.761212121212               13.3054545455                 (-1.3584114388373376, -0.16401280358690462)       BT_50_0.9_750_2.r43.genepop                                                     
-1.13393939394                14.3327272727                 (-1.5873642247026187, -0.68051456317616932)       BT_50_0.9_750_2.r52.genepop                                                     
-0.975151515152               14.5181818182                 (-1.3813349262037113, -0.56896810409931842)       BT_50_0.9_750_2.r14.genepop                                                     
-1.07696969697                13.3763636364                 (-1.4874015591036263, -0.66653783483576756)       BT_50_0.9_750_2.r19.genepop                                                     
-0.513939393939               10.9927272727                 (-1.0080811441345934, -0.019797643744194293)      BT_50_0.9_750_2.r10.genepop                                                     
-1.08060606061                13.5927272727                 (-1.5639203907595871, -0.59729173045253448)       BT_50_0.9_750_2.r11.genepop                                                     
-0.619393939394               12.0072727273                 (-1.0921870667595699, -0.14660081202830855)       BT_50_0.9_750_2.r90.genepop                                                     
-0.953939393939               15.0327272727                 (-1.433794127513516, -0.47408466036527175)        BT_50_0.9_750_2.r39.genepop                                                     
-1.55515151515                16.9181818182                 (-1.8647102096456232, -1.2455928206574076)        BT_50_0.9_750_2.r70.genepop                                                     
-0.647272727273               12.3727272727                 (-1.1181485562792293, -0.17639689826622518)       BT_50_0.9_750_2.r26.genepop                                                     
-0.910303030303               14.0163636364                 (-1.2686691594322621, -0.55193690117379846)       BT_50_0.9_750_2.r86.genepop                                                     
-0.801212121212               12.8254545455                 (-1.2562224512031692, -0.34620179122107364)       BT_50_0.9_750_2.r48.genepop                                                     
-0.804242424242               12.7690909091                 (-1.1864587166269476, -0.422026131857901)         BT_50_0.9_750_2.r64.genepop                                                     
-1.20181818182                13.4581818182                 (-1.7520452710118475, -0.65159109262451642)       BT_50_0.9_750_2.r82.genepop                                                     
-0.541818181818               11.8581818182                 (-1.0966536719944324, 0.013017308358068802)       BT_50_0.9_750_2.r17.genepop                                                     
-1.14787878788                16.1654545455                 (-1.7476343708247324, -0.54812320493284405)       BT_50_0.9_750_2.r57.genepop                                                     
-1.31151515152                15.0218181818                 (-1.7346300411988818, -0.88840026183142085)       BT_50_0.9_750_2.r41.genepop                                                     
-1.1103030303                 14.5763636364                 (-1.3646978933389673, -0.8559081672670934)        BT_50_0.9_750_2.r87.genepop                                                     
-1.06242424242                14.3309090909                 (-1.3649074479940608, -0.75994103685442416)       BT_50_0.9_750_2.r51.genepop                                                     
-0.582424242424               12.7709090909                 (-0.97127231394450031, -0.19357617090398449)      BT_50_0.9_750_2.r79.genepop                                                     
-0.650303030303               11.6963636364                 (-0.91240719347022015, -0.3881988671358404)       BT_50_0.9_750_2.r3.genepop                                                      
-1.18060606061                15.2727272727                 (-1.8633604130851964, -0.49785170812692536)       BT_50_0.9_750_2.r63.genepop                                                     
-0.845454545455               14.1345454545                 (-1.3075185602208279, -0.38339053068826279)       BT_50_0.9_750_2.r62.genepop                                                     
-0.492727272727               10.6672727273                 (-0.79531543503331859, -0.19013911042122678)      BT_50_0.9_750_2.r53.genepop                                                     
-0.804848484848               13.3018181818                 (-1.1731771458649198, -0.43651982383205007)       BT_50_0.9_750_2.r60.genepop                                                     
-0.793333333333               13.32                         (-1.2296842199480407, -0.35698244671862606)       BT_50_0.9_750_2.r83.genepop                                                     
-0.714545454545               12.5454545455                 (-1.2272822304416235, -0.20180867864928542)       BT_50_0.9_750_2.r25.genepop                                                     
-0.747878787879               13.4854545455                 (-1.1811603658275522, -0.31459720993002338)       BT_50_0.9_750_2.r99.genepop                                                     
-1.08727272727                15.7327272727                 (-1.7989677914893876, -0.37557766305606666)       BT_50_0.9_750_2.r34.genepop                                                     
-0.770909090909               13.3490909091                 (-0.974948794125714, -0.56686938769246775)        BT_50_0.9_750_2.r66.genepop                                                     
-1.08060606061                14.6527272727                 (-1.6281999266967737, -0.53301219451534698)       BT_50_0.9_750_2.r74.genepop                                                     
-1.19939393939                16.3072727273                 (-1.505368408787306, -0.89341947000057231)        BT_50_0.9_750_2.r13.genepop                                                     
-0.807272727273               11.8927272727                 (-1.2247128433139987, -0.38983261123145563)       BT_50_0.9_750_2.r21.genepop                                                     
-0.795151515152               14.0181818182                 (-1.3004958213946369, -0.28980720890839318)       BT_50_0.9_750_2.r92.genepop                                                     
-1.39393939394                14.9927272727                 (-1.6491641936813985, -1.1387145941973895)        BT_50_0.9_750_2.r1.genepop                                                      
-0.920606060606               11.9927272727                 (-1.2933948832278208, -0.54781723798430049)       BT_50_0.9_750_2.r98.genepop                                                     
-0.994545454545               14.0454545455                 (-1.3586140431701748, -0.63047686592073471)       BT_50_0.9_750_2.r15.genepop                                                     
-0.907878787879               14.3454545455                 (-1.1726839405668876, -0.64307363519068828)       BT_50_0.9_750_2.r50.genepop                                                     
-0.823636363636               12.2763636364                 (-1.2507250498374667, -0.39654767743526026)       BT_50_0.9_750_2.r42.genepop                                                     
-0.832121212121               12.7545454545                 (-1.2861402048683583, -0.37810221937406585)       BT_50_0.9_750_2.r4.genepop                                                      
-0.537575757576               11.7690909091                 (-1.2488580018415307, 0.17370648669001565)        BT_50_0.9_750_2.r68.genepop                                                     
-1.27515151515                16.5781818182                 (-1.6932088339083102, -0.85709419639472018)       BT_50_0.9_750_2.r20.genepop                                                     
-0.827878787879               13.5454545455                 (-1.4955758887583355, -0.16018168699923996)       BT_50_0.9_750_2.r9.genepop                                                      
-1.07575757576                15.0909090909                 (-1.3827794394332382, -0.76873571208191316)       BT_50_0.9_750_2.r31.genepop                                                     
-0.901212121212               13.3854545455                 (-1.2480147618280757, -0.55440948059616668)       BT_50_0.9_750_2.r28.genepop                                                     
-0.833939393939               14.1527272727                 (-1.2691098133510756, -0.39876897452771243)       BT_50_0.9_750_2.r37.genepop                                                     
-0.788484848485               12.8781818182                 (-1.1859321282402373, -0.39103756872945927)       BT_50_0.9_750_2.r45.genepop                                                     
-1.10909090909                16.1309090909                 (-1.5523561751885773, -0.66582564299324054)       BT_50_0.9_750_2.r38.genepop                                                     
-1.06                         14.14                         (-1.4065617548536369, -0.71343824514636323)       BT_50_0.9_750_2.r44.genepop                                                     
-0.998787878788               14.2145454545                 (-1.3490479767561809, -0.64852778081957663)       BT_50_0.9_750_2.r54.genepop                                                     
-0.96                         13.44                         (-1.5409774515287016, -0.37902254847129835)       BT_50_0.9_750_2.r85.genepop                                                     
-0.902424242424               12.3909090909                 (-1.2758487976585176, -0.52899968718996693)       BT_50_0.9_750_2.r35.genepop                                                     
-1.1496969697                 15.2236363636                 (-1.5134610418378365, -0.78593289755610241)       BT_50_0.9_750_2.r46.genepop                                                     
-0.912727272727               13.3872727273                 (-1.2154193063531138, -0.61003523910143143)       BT_50_0.9_750_2.r69.genepop                                                     
-1.35333333333                15.96                         (-1.727219328989178, -0.97944733767748815)        BT_50_0.9_750_2.r93.genepop                                                     
-1.09272727273                14.1272727273                 (-1.5632691838027619, -0.62218536165178351)       BT_50_0.9_750_2.r77.genepop                                                     
-0.538787878788               12.4945454545                 (-1.0086179901136512, -0.068957767462106356)      BT_50_0.9_750_2.r95.genepop                                                     
-0.528484848485               12.3181818182                 (-0.91802314718989164, -0.13894654977980564)      BT_50_0.9_750_2.r40.genepop                                                     
-1.16424242424                15.0490909091                 (-1.4208036477860504, -0.90768120069879821)       BT_50_0.9_750_2.r58.genepop                                                     
-1.0503030303                 14.9563636364                 (-1.4661877337628584, -0.63441832684320221)       BT_50_0.9_750_2.r55.genepop                                                     
-0.792727272727               12.1872727273                 (-1.143254703695004, -0.44219984175954163)        BT_50_0.9_750_2.r22.genepop                                                     
-1.04484848485                14.0818181818                 (-1.5083814653003329, -0.5813155043966366)        BT_50_0.9_750_2.r24.genepop                                                     
-0.700606060606               13.8727272727                 (-1.0783928051528937, -0.3228193160592272)        BT_50_0.9_750_2.r80.genepop                                                     
-0.801818181818               13.1181818182                 (-1.4502353584253416, -0.15340100521102218)       BT_50_0.9_750_2.r8.genepop                                                      
-0.836363636364               12.3436363636                 (-1.1424916574073967, -0.53023561531987651)       BT_50_0.9_750_2.r2.genepop                                                      
-0.893333333333               13.6                          (-1.3087459204551672, -0.47792074621149927)       BT_50_0.9_750_2.r71.genepop                                                     
-0.941212121212               14.8854545455                 (-1.4976654300924452, -0.38475881233179721)       BT_50_0.9_750_2.r73.genepop                                                     
-0.484242424242               11.3690909091                 (-0.82145244629623049, -0.14703240218861796)      BT_50_0.9_750_2.r94.genepop                                                     
-0.904848484848               12.4218181818                 (-1.3635411543102502, -0.44615581538671917)       BT_50_0.9_750_2.r61.genepop                                                     
-0.727878787879               13.7654545455                 (-1.0902259941078463, -0.36553158164972982)       BT_50_0.9_750_2.r23.genepop                                                     
-1.25636363636                15.9436363636                 (-1.8903928745048382, -0.62233439822243397)       BT_50_0.9_750_2.r76.genepop                                                     
-0.320606060606               11.5127272727                 (-0.79282259684051204, 0.15161047562839097)       BT_50_0.9_750_2.r84.genepop                                                     
-1.02424242424                14.3890909091                 (-1.4626666898039589, -0.58581815868088949)       BT_50_0.9_750_2.r36.genepop                                                     
-0.692727272727               13.2272727273                 (-1.2092364957949788, -0.17621804965956689)       BT_50_0.9_750_2.r75.genepop                                                     
-1.05515151515                13.2981818182                 (-1.4119191829969133, -0.69838384730611702)       BT_50_0.9_750_2.r6.genepop                                                      
-1.01333333333                13.54                         (-1.3426658351763936, -0.68400083149027324)       BT_50_0.9_750_2.r12.genepop                                                     
-1.30424242424                15.0890909091                 (-1.6890271173958233, -0.91945773108902551)       BT_50_0.9_750_2.r32.genepop                                                     
-1.37696969697                14.8563636364                 (-1.7315733852204658, -1.0223660087189281)        BT_50_0.9_750_2.r16.genepop                                                     
-0.577575757576               10.4890909091                 (-1.1690257641797801, 0.013874249028265284)       BT_50_0.9_750_2.r96.genepop                                                     
-0.687878787879               13.0854545455                 (-1.1033830900447266, -0.27237448571284922)       BT_50_0.9_750_2.r56.genepop                                                     
-0.775757575758               13.3509090909                 (-1.150162966211852, -0.40135218530329952)        BT_50_0.9_750_2.r65.genepop                                                     
